<?xml version='1.0' encoding='UTF-8'?>
<testsuite hostname="DiBadas" name="ApplicationSpec" tests="1" errors="0" failures="0" time="2.787">
                     <properties>
[...]
</properties>
                     <testcase classname="ApplicationSpec" name="Routes should send 404 on a bad request" time="2.787">
                                                 
                                               </testcase>
                     <system-out></system-out>
                     <system-err></system-err>
                   </testsuite>